Terminals unused in grammar

    PE_PREFIX_RAW
    PE_PREFIX_GROUP
    PE_ERROR


Grammar

    0 $accept: start $end

    1 start: PE_START_EVENTS start_events
    2      | PE_START_TERMS start_terms

    3 start_events: groups

    4 groups: groups ',' group
    5       | groups ',' event
    6       | group
    7       | event

    8 group: group_def ':' PE_MODIFIER_EVENT
    9      | group_def

   10 group_def: PE_NAME '{' events '}'
   11          | '{' events '}'

   12 events: events ',' event
   13       | event

   14 event: event_mod

   15 event_mod: event_name PE_MODIFIER_EVENT
   16          | event_name

   17 event_name: PE_EVENT_NAME event_def
   18           | event_def

   19 event_def: event_pmu
   20          | event_legacy_symbol
   21          | event_legacy_cache sep_dc
   22          | event_legacy_mem
   23          | event_legacy_tracepoint sep_dc
   24          | event_legacy_numeric sep_dc
   25          | event_legacy_raw sep_dc
   26          | event_bpf_file

   27 event_pmu: PE_NAME opt_event_config
   28          | PE_KERNEL_PMU_EVENT sep_dc
   29          | PE_PMU_EVENT_PRE '-' PE_PMU_EVENT_SUF sep_dc

   30 value_sym: PE_VALUE_SYM_HW
   31          | PE_VALUE_SYM_SW

   32 event_legacy_symbol: value_sym '/' event_config '/'
   33                    | value_sym sep_slash_dc

   34 event_legacy_cache: PE_NAME_CACHE_TYPE '-' PE_NAME_CACHE_OP_RESULT '-' PE_NAME_CACHE_OP_RESULT opt_event_config
   35                   | PE_NAME_CACHE_TYPE '-' PE_NAME_CACHE_OP_RESULT opt_event_config
   36                   | PE_NAME_CACHE_TYPE opt_event_config

   37 event_legacy_mem: PE_PREFIX_MEM PE_VALUE '/' PE_VALUE ':' PE_MODIFIER_BP sep_dc
   38                 | PE_PREFIX_MEM PE_VALUE '/' PE_VALUE sep_dc
   39                 | PE_PREFIX_MEM PE_VALUE ':' PE_MODIFIER_BP sep_dc
   40                 | PE_PREFIX_MEM PE_VALUE sep_dc

   41 event_legacy_tracepoint: tracepoint_name opt_event_config

   42 tracepoint_name: PE_NAME '-' PE_NAME ':' PE_NAME
   43                | PE_NAME ':' PE_NAME

   44 event_legacy_numeric: PE_VALUE ':' PE_VALUE opt_event_config

   45 event_legacy_raw: PE_RAW opt_event_config

   46 event_bpf_file: PE_BPF_OBJECT opt_event_config
   47               | PE_BPF_SOURCE opt_event_config

   48 opt_event_config: '/' event_config '/'
   49                 | '/' '/'
   50                 | %empty

   51 start_terms: event_config

   52 event_config: event_config ',' event_term
   53             | event_term

   54 event_term: PE_NAME '=' PE_NAME
   55           | PE_NAME '=' PE_VALUE
   56           | PE_NAME '=' PE_VALUE_SYM_HW
   57           | PE_NAME
   58           | PE_VALUE_SYM_HW
   59           | PE_TERM '=' PE_NAME
   60           | PE_TERM '=' PE_VALUE
   61           | PE_TERM
   62           | PE_NAME array '=' PE_NAME
   63           | PE_NAME array '=' PE_VALUE
   64           | PE_DRV_CFG_TERM

   65 array: '[' array_terms ']'
   66      | PE_ARRAY_ALL

   67 array_terms: array_terms ',' array_term
   68            | array_term

   69 array_term: PE_VALUE
   70           | PE_VALUE PE_ARRAY_RANGE PE_VALUE

   71 sep_dc: ':'
   72       | %empty

   73 sep_slash_dc: '/'
   74             | ':'
   75             | %empty


Terminals, with rules where they appear

    $end (0) 0
    ',' (44) 4 5 12 52 67
    '-' (45) 29 34 35 42
    '/' (47) 32 37 38 48 49 73
    ':' (58) 8 37 39 42 43 44 71 74
    '=' (61) 54 55 56 59 60 62 63
    '[' (91) 65
    ']' (93) 65
    '{' (123) 10 11
    '}' (125) 10 11
    error (256)
    PE_START_EVENTS (258) 1
    PE_START_TERMS (259) 2
    PE_VALUE <num> (260) 37 38 39 40 44 55 60 63 69 70
    PE_VALUE_SYM_HW <num> (261) 30 56 58
    PE_VALUE_SYM_SW <num> (262) 31
    PE_RAW <num> (263) 45
    PE_TERM <num> (264) 59 60 61
    PE_EVENT_NAME <str> (265) 17
    PE_NAME <str> (266) 10 27 42 43 54 55 56 57 59 62 63
    PE_BPF_OBJECT <str> (267) 46
    PE_BPF_SOURCE <str> (268) 47
    PE_MODIFIER_EVENT <str> (269) 8 15
    PE_MODIFIER_BP <str> (270) 37 39
    PE_NAME_CACHE_TYPE <str> (271) 34 35 36
    PE_NAME_CACHE_OP_RESULT <str> (272) 34 35
    PE_PREFIX_MEM (273) 37 38 39 40
    PE_PREFIX_RAW (274)
    PE_PREFIX_GROUP (275)
    PE_ERROR (276)
    PE_PMU_EVENT_PRE <str> (277) 29
    PE_PMU_EVENT_SUF <str> (278) 29
    PE_KERNEL_PMU_EVENT <str> (279) 28
    PE_ARRAY_ALL (280) 66
    PE_ARRAY_RANGE (281) 70
    PE_DRV_CFG_TERM <str> (282) 64


Nonterminals, with rules where they appear

    $accept (37)
        on left: 0
    start (38)
        on left: 1 2
        on right: 0
    start_events (39)
        on left: 3
        on right: 1
    groups <head> (40)
        on left: 4 5 6 7
        on right: 3 4 5
    group <head> (41)
        on left: 8 9
        on right: 4 6
    group_def <head> (42)
        on left: 10 11
        on right: 8 9
    events <head> (43)
        on left: 12 13
        on right: 10 11 12
    event <head> (44)
        on left: 14
        on right: 5 7 12 13
    event_mod <head> (45)
        on left: 15 16
        on right: 14
    event_name <head> (46)
        on left: 17 18
        on right: 15 16
    event_def <head> (47)
        on left: 19 20 21 22 23 24 25 26
        on right: 17 18
    event_pmu <head> (48)
        on left: 27 28 29
        on right: 19
    value_sym <num> (49)
        on left: 30 31
        on right: 32 33
    event_legacy_symbol <head> (50)
        on left: 32 33
        on right: 20
    event_legacy_cache <head> (51)
        on left: 34 35 36
        on right: 21
    event_legacy_mem <head> (52)
        on left: 37 38 39 40
        on right: 22
    event_legacy_tracepoint <head> (53)
        on left: 41
        on right: 23
    tracepoint_name <tracepoint_name> (54)
        on left: 42 43
        on right: 41
    event_legacy_numeric <head> (55)
        on left: 44
        on right: 24
    event_legacy_raw <head> (56)
        on left: 45
        on right: 25
    event_bpf_file <head> (57)
        on left: 46 47
        on right: 26
    opt_event_config <head> (58)
        on left: 48 49 50
        on right: 27 34 35 36 41 44 45 46 47
    start_terms (59)
        on left: 51
        on right: 2
    event_config <head> (60)
        on left: 52 53
        on right: 32 48 51 52
    event_term <term> (61)
        on left: 54 55 56 57 58 59 60 61 62 63 64
        on right: 52 53
    array <array> (62)
        on left: 65 66
        on right: 62 63
    array_terms <array> (63)
        on left: 67 68
        on right: 65 67
    array_term <array> (64)
        on left: 69 70
        on right: 67 68
    sep_dc (65)
        on left: 71 72
        on right: 21 23 24 25 28 29 37 38 39 40
    sep_slash_dc (66)
        on left: 73 74 75
        on right: 33


State 0

    0 $accept: . start $end

    PE_START_EVENTS  shift, and go to state 1
    PE_START_TERMS   shift, and go to state 2

    start  go to state 3


State 1

    1 start: PE_START_EVENTS . start_events

    PE_VALUE             shift, and go to state 4
    PE_VALUE_SYM_HW      shift, and go to state 5
    PE_VALUE_SYM_SW      shift, and go to state 6
    PE_RAW               shift, and go to state 7
    PE_EVENT_NAME        shift, and go to state 8
    PE_NAME              shift, and go to state 9
    PE_BPF_OBJECT        shift, and go to state 10
    PE_BPF_SOURCE        shift, and go to state 11
    PE_NAME_CACHE_TYPE   shift, and go to state 12
    PE_PREFIX_MEM        shift, and go to state 13
    PE_PMU_EVENT_PRE     shift, and go to state 14
    PE_KERNEL_PMU_EVENT  shift, and go to state 15
    '{'                  shift, and go to state 16

    start_events             go to state 17
    groups                   go to state 18
    group                    go to state 19
    group_def                go to state 20
    event                    go to state 21
    event_mod                go to state 22
    event_name               go to state 23
    event_def                go to state 24
    event_pmu                go to state 25
    value_sym                go to state 26
    event_legacy_symbol      go to state 27
    event_legacy_cache       go to state 28
    event_legacy_mem         go to state 29
    event_legacy_tracepoint  go to state 30
    tracepoint_name          go to state 31
    event_legacy_numeric     go to state 32
    event_legacy_raw         go to state 33
    event_bpf_file           go to state 34


State 2

    2 start: PE_START_TERMS . start_terms

    PE_VALUE_SYM_HW  shift, and go to state 35
    PE_TERM          shift, and go to state 36
    PE_NAME          shift, and go to state 37
    PE_DRV_CFG_TERM  shift, and go to state 38

    start_terms   go to state 39
    event_config  go to state 40
    event_term    go to state 41


State 3

    0 $accept: start . $end

    $end  shift, and go to state 42


State 4

   44 event_legacy_numeric: PE_VALUE . ':' PE_VALUE opt_event_config

    ':'  shift, and go to state 43


State 5

   30 value_sym: PE_VALUE_SYM_HW .

    $default  reduce using rule 30 (value_sym)


State 6

   31 value_sym: PE_VALUE_SYM_SW .

    $default  reduce using rule 31 (value_sym)


State 7

   45 event_legacy_raw: PE_RAW . opt_event_config

    '/'  shift, and go to state 44

    $default  reduce using rule 50 (opt_event_config)

    opt_event_config  go to state 45


State 8

   17 event_name: PE_EVENT_NAME . event_def

    PE_VALUE             shift, and go to state 4
    PE_VALUE_SYM_HW      shift, and go to state 5
    PE_VALUE_SYM_SW      shift, and go to state 6
    PE_RAW               shift, and go to state 7
    PE_NAME              shift, and go to state 46
    PE_BPF_OBJECT        shift, and go to state 10
    PE_BPF_SOURCE        shift, and go to state 11
    PE_NAME_CACHE_TYPE   shift, and go to state 12
    PE_PREFIX_MEM        shift, and go to state 13
    PE_PMU_EVENT_PRE     shift, and go to state 14
    PE_KERNEL_PMU_EVENT  shift, and go to state 15

    event_def                go to state 47
    event_pmu                go to state 25
    value_sym                go to state 26
    event_legacy_symbol      go to state 27
    event_legacy_cache       go to state 28
    event_legacy_mem         go to state 29
    event_legacy_tracepoint  go to state 30
    tracepoint_name          go to state 31
    event_legacy_numeric     go to state 32
    event_legacy_raw         go to state 33
    event_bpf_file           go to state 34


State 9

   10 group_def: PE_NAME . '{' events '}'
   27 event_pmu: PE_NAME . opt_event_config
   42 tracepoint_name: PE_NAME . '-' PE_NAME ':' PE_NAME
   43                | PE_NAME . ':' PE_NAME

    ':'  shift, and go to state 48
    '{'  shift, and go to state 49
    '-'  shift, and go to state 50
    '/'  shift, and go to state 44

    $default  reduce using rule 50 (opt_event_config)

    opt_event_config  go to state 51


State 10

   46 event_bpf_file: PE_BPF_OBJECT . opt_event_config

    '/'  shift, and go to state 44

    $default  reduce using rule 50 (opt_event_config)

    opt_event_config  go to state 52


State 11

   47 event_bpf_file: PE_BPF_SOURCE . opt_event_config

    '/'  shift, and go to state 44

    $default  reduce using rule 50 (opt_event_config)

    opt_event_config  go to state 53


State 12

   34 event_legacy_cache: PE_NAME_CACHE_TYPE . '-' PE_NAME_CACHE_OP_RESULT '-' PE_NAME_CACHE_OP_RESULT opt_event_config
   35                   | PE_NAME_CACHE_TYPE . '-' PE_NAME_CACHE_OP_RESULT opt_event_config
   36                   | PE_NAME_CACHE_TYPE . opt_event_config

    '-'  shift, and go to state 54
    '/'  shift, and go to state 44

    $default  reduce using rule 50 (opt_event_config)

    opt_event_config  go to state 55


State 13

   37 event_legacy_mem: PE_PREFIX_MEM . PE_VALUE '/' PE_VALUE ':' PE_MODIFIER_BP sep_dc
   38                 | PE_PREFIX_MEM . PE_VALUE '/' PE_VALUE sep_dc
   39                 | PE_PREFIX_MEM . PE_VALUE ':' PE_MODIFIER_BP sep_dc
   40                 | PE_PREFIX_MEM . PE_VALUE sep_dc

    PE_VALUE  shift, and go to state 56


State 14

   29 event_pmu: PE_PMU_EVENT_PRE . '-' PE_PMU_EVENT_SUF sep_dc

    '-'  shift, and go to state 57


State 15

   28 event_pmu: PE_KERNEL_PMU_EVENT . sep_dc

    ':'  shift, and go to state 58

    $default  reduce using rule 72 (sep_dc)

    sep_dc  go to state 59


State 16

   11 group_def: '{' . events '}'

    PE_VALUE             shift, and go to state 4
    PE_VALUE_SYM_HW      shift, and go to state 5
    PE_VALUE_SYM_SW      shift, and go to state 6
    PE_RAW               shift, and go to state 7
    PE_EVENT_NAME        shift, and go to state 8
    PE_NAME              shift, and go to state 46
    PE_BPF_OBJECT        shift, and go to state 10
    PE_BPF_SOURCE        shift, and go to state 11
    PE_NAME_CACHE_TYPE   shift, and go to state 12
    PE_PREFIX_MEM        shift, and go to state 13
    PE_PMU_EVENT_PRE     shift, and go to state 14
    PE_KERNEL_PMU_EVENT  shift, and go to state 15

    events                   go to state 60
    event                    go to state 61
    event_mod                go to state 22
    event_name               go to state 23
    event_def                go to state 24
    event_pmu                go to state 25
    value_sym                go to state 26
    event_legacy_symbol      go to state 27
    event_legacy_cache       go to state 28
    event_legacy_mem         go to state 29
    event_legacy_tracepoint  go to state 30
    tracepoint_name          go to state 31
    event_legacy_numeric     go to state 32
    event_legacy_raw         go to state 33
    event_bpf_file           go to state 34


State 17

    1 start: PE_START_EVENTS start_events .

    $default  reduce using rule 1 (start)


State 18

    3 start_events: groups .
    4 groups: groups . ',' group
    5       | groups . ',' event

    ','  shift, and go to state 62

    $default  reduce using rule 3 (start_events)


State 19

    6 groups: group .

    $default  reduce using rule 6 (groups)


State 20

    8 group: group_def . ':' PE_MODIFIER_EVENT
    9      | group_def .

    ':'  shift, and go to state 63

    $default  reduce using rule 9 (group)


State 21

    7 groups: event .

    $default  reduce using rule 7 (groups)


State 22

   14 event: event_mod .

    $default  reduce using rule 14 (event)


State 23

   15 event_mod: event_name . PE_MODIFIER_EVENT
   16          | event_name .

    PE_MODIFIER_EVENT  shift, and go to state 64

    $default  reduce using rule 16 (event_mod)


State 24

   18 event_name: event_def .

    $default  reduce using rule 18 (event_name)


State 25

   19 event_def: event_pmu .

    $default  reduce using rule 19 (event_def)


State 26

   32 event_legacy_symbol: value_sym . '/' event_config '/'
   33                    | value_sym . sep_slash_dc

    ':'  shift, and go to state 65
    '/'  shift, and go to state 66

    $default  reduce using rule 75 (sep_slash_dc)

    sep_slash_dc  go to state 67


State 27

   20 event_def: event_legacy_symbol .

    $default  reduce using rule 20 (event_def)


State 28

   21 event_def: event_legacy_cache . sep_dc

    ':'  shift, and go to state 58

    $default  reduce using rule 72 (sep_dc)

    sep_dc  go to state 68


State 29

   22 event_def: event_legacy_mem .

    $default  reduce using rule 22 (event_def)


State 30

   23 event_def: event_legacy_tracepoint . sep_dc

    ':'  shift, and go to state 58

    $default  reduce using rule 72 (sep_dc)

    sep_dc  go to state 69


State 31

   41 event_legacy_tracepoint: tracepoint_name . opt_event_config

    '/'  shift, and go to state 44

    $default  reduce using rule 50 (opt_event_config)

    opt_event_config  go to state 70


State 32

   24 event_def: event_legacy_numeric . sep_dc

    ':'  shift, and go to state 58

    $default  reduce using rule 72 (sep_dc)

    sep_dc  go to state 71


State 33

   25 event_def: event_legacy_raw . sep_dc

    ':'  shift, and go to state 58

    $default  reduce using rule 72 (sep_dc)

    sep_dc  go to state 72


State 34

   26 event_def: event_bpf_file .

    $default  reduce using rule 26 (event_def)


State 35

   58 event_term: PE_VALUE_SYM_HW .

    $default  reduce using rule 58 (event_term)


State 36

   59 event_term: PE_TERM . '=' PE_NAME
   60           | PE_TERM . '=' PE_VALUE
   61           | PE_TERM .

    '='  shift, and go to state 73

    $default  reduce using rule 61 (event_term)


State 37

   54 event_term: PE_NAME . '=' PE_NAME
   55           | PE_NAME . '=' PE_VALUE
   56           | PE_NAME . '=' PE_VALUE_SYM_HW
   57           | PE_NAME .
   62           | PE_NAME . array '=' PE_NAME
   63           | PE_NAME . array '=' PE_VALUE

    PE_ARRAY_ALL  shift, and go to state 74
    '='           shift, and go to state 75
    '['           shift, and go to state 76

    $default  reduce using rule 57 (event_term)

    array  go to state 77


State 38

   64 event_term: PE_DRV_CFG_TERM .

    $default  reduce using rule 64 (event_term)


State 39

    2 start: PE_START_TERMS start_terms .

    $default  reduce using rule 2 (start)


State 40

   51 start_terms: event_config .
   52 event_config: event_config . ',' event_term

    ','  shift, and go to state 78

    $default  reduce using rule 51 (start_terms)


State 41

   53 event_config: event_term .

    $default  reduce using rule 53 (event_config)


State 42

    0 $accept: start $end .

    $default  accept


State 43

   44 event_legacy_numeric: PE_VALUE ':' . PE_VALUE opt_event_config

    PE_VALUE  shift, and go to state 79


State 44

   48 opt_event_config: '/' . event_config '/'
   49                 | '/' . '/'

    PE_VALUE_SYM_HW  shift, and go to state 35
    PE_TERM          shift, and go to state 36
    PE_NAME          shift, and go to state 37
    PE_DRV_CFG_TERM  shift, and go to state 38
    '/'              shift, and go to state 80

    event_config  go to state 81
    event_term    go to state 41


State 45

   45 event_legacy_raw: PE_RAW opt_event_config .

    $default  reduce using rule 45 (event_legacy_raw)


State 46

   27 event_pmu: PE_NAME . opt_event_config
   42 tracepoint_name: PE_NAME . '-' PE_NAME ':' PE_NAME
   43                | PE_NAME . ':' PE_NAME

    ':'  shift, and go to state 48
    '-'  shift, and go to state 50
    '/'  shift, and go to state 44

    $default  reduce using rule 50 (opt_event_config)

    opt_event_config  go to state 51


State 47

   17 event_name: PE_EVENT_NAME event_def .

    $default  reduce using rule 17 (event_name)


State 48

   43 tracepoint_name: PE_NAME ':' . PE_NAME

    PE_NAME  shift, and go to state 82


State 49

   10 group_def: PE_NAME '{' . events '}'

    PE_VALUE             shift, and go to state 4
    PE_VALUE_SYM_HW      shift, and go to state 5
    PE_VALUE_SYM_SW      shift, and go to state 6
    PE_RAW               shift, and go to state 7
    PE_EVENT_NAME        shift, and go to state 8
    PE_NAME              shift, and go to state 46
    PE_BPF_OBJECT        shift, and go to state 10
    PE_BPF_SOURCE        shift, and go to state 11
    PE_NAME_CACHE_TYPE   shift, and go to state 12
    PE_PREFIX_MEM        shift, and go to state 13
    PE_PMU_EVENT_PRE     shift, and go to state 14
    PE_KERNEL_PMU_EVENT  shift, and go to state 15

    events                   go to state 83
    event                    go to state 61
    event_mod                go to state 22
    event_name               go to state 23
    event_def                go to state 24
    event_pmu                go to state 25
    value_sym                go to state 26
    event_legacy_symbol      go to state 27
    event_legacy_cache       go to state 28
    event_legacy_mem         go to state 29
    event_legacy_tracepoint  go to state 30
    tracepoint_name          go to state 31
    event_legacy_numeric     go to state 32
    event_legacy_raw         go to state 33
    event_bpf_file           go to state 34


State 50

   42 tracepoint_name: PE_NAME '-' . PE_NAME ':' PE_NAME

    PE_NAME  shift, and go to state 84


State 51

   27 event_pmu: PE_NAME opt_event_config .

    $default  reduce using rule 27 (event_pmu)


State 52

   46 event_bpf_file: PE_BPF_OBJECT opt_event_config .

    $default  reduce using rule 46 (event_bpf_file)


State 53

   47 event_bpf_file: PE_BPF_SOURCE opt_event_config .

    $default  reduce using rule 47 (event_bpf_file)


State 54

   34 event_legacy_cache: PE_NAME_CACHE_TYPE '-' . PE_NAME_CACHE_OP_RESULT '-' PE_NAME_CACHE_OP_RESULT opt_event_config
   35                   | PE_NAME_CACHE_TYPE '-' . PE_NAME_CACHE_OP_RESULT opt_event_config

    PE_NAME_CACHE_OP_RESULT  shift, and go to state 85


State 55

   36 event_legacy_cache: PE_NAME_CACHE_TYPE opt_event_config .

    $default  reduce using rule 36 (event_legacy_cache)


State 56

   37 event_legacy_mem: PE_PREFIX_MEM PE_VALUE . '/' PE_VALUE ':' PE_MODIFIER_BP sep_dc
   38                 | PE_PREFIX_MEM PE_VALUE . '/' PE_VALUE sep_dc
   39                 | PE_PREFIX_MEM PE_VALUE . ':' PE_MODIFIER_BP sep_dc
   40                 | PE_PREFIX_MEM PE_VALUE . sep_dc

    ':'  shift, and go to state 86
    '/'  shift, and go to state 87

    $default  reduce using rule 72 (sep_dc)

    sep_dc  go to state 88


State 57

   29 event_pmu: PE_PMU_EVENT_PRE '-' . PE_PMU_EVENT_SUF sep_dc

    PE_PMU_EVENT_SUF  shift, and go to state 89


State 58

   71 sep_dc: ':' .

    $default  reduce using rule 71 (sep_dc)


State 59

   28 event_pmu: PE_KERNEL_PMU_EVENT sep_dc .

    $default  reduce using rule 28 (event_pmu)


State 60

   11 group_def: '{' events . '}'
   12 events: events . ',' event

    ','  shift, and go to state 90
    '}'  shift, and go to state 91


State 61

   13 events: event .

    $default  reduce using rule 13 (events)


State 62

    4 groups: groups ',' . group
    5       | groups ',' . event

    PE_VALUE             shift, and go to state 4
    PE_VALUE_SYM_HW      shift, and go to state 5
    PE_VALUE_SYM_SW      shift, and go to state 6
    PE_RAW               shift, and go to state 7
    PE_EVENT_NAME        shift, and go to state 8
    PE_NAME              shift, and go to state 9
    PE_BPF_OBJECT        shift, and go to state 10
    PE_BPF_SOURCE        shift, and go to state 11
    PE_NAME_CACHE_TYPE   shift, and go to state 12
    PE_PREFIX_MEM        shift, and go to state 13
    PE_PMU_EVENT_PRE     shift, and go to state 14
    PE_KERNEL_PMU_EVENT  shift, and go to state 15
    '{'                  shift, and go to state 16

    group                    go to state 92
    group_def                go to state 20
    event                    go to state 93
    event_mod                go to state 22
    event_name               go to state 23
    event_def                go to state 24
    event_pmu                go to state 25
    value_sym                go to state 26
    event_legacy_symbol      go to state 27
    event_legacy_cache       go to state 28
    event_legacy_mem         go to state 29
    event_legacy_tracepoint  go to state 30
    tracepoint_name          go to state 31
    event_legacy_numeric     go to state 32
    event_legacy_raw         go to state 33
    event_bpf_file           go to state 34


State 63

    8 group: group_def ':' . PE_MODIFIER_EVENT

    PE_MODIFIER_EVENT  shift, and go to state 94


State 64

   15 event_mod: event_name PE_MODIFIER_EVENT .

    $default  reduce using rule 15 (event_mod)


State 65

   74 sep_slash_dc: ':' .

    $default  reduce using rule 74 (sep_slash_dc)


State 66

   32 event_legacy_symbol: value_sym '/' . event_config '/'
   73 sep_slash_dc: '/' .

    PE_VALUE_SYM_HW  shift, and go to state 35
    PE_TERM          shift, and go to state 36
    PE_NAME          shift, and go to state 37
    PE_DRV_CFG_TERM  shift, and go to state 38

    $default  reduce using rule 73 (sep_slash_dc)

    event_config  go to state 95
    event_term    go to state 41


State 67

   33 event_legacy_symbol: value_sym sep_slash_dc .

    $default  reduce using rule 33 (event_legacy_symbol)


State 68

   21 event_def: event_legacy_cache sep_dc .

    $default  reduce using rule 21 (event_def)


State 69

   23 event_def: event_legacy_tracepoint sep_dc .

    $default  reduce using rule 23 (event_def)


State 70

   41 event_legacy_tracepoint: tracepoint_name opt_event_config .

    $default  reduce using rule 41 (event_legacy_tracepoint)


State 71

   24 event_def: event_legacy_numeric sep_dc .

    $default  reduce using rule 24 (event_def)


State 72

   25 event_def: event_legacy_raw sep_dc .

    $default  reduce using rule 25 (event_def)


State 73

   59 event_term: PE_TERM '=' . PE_NAME
   60           | PE_TERM '=' . PE_VALUE

    PE_VALUE  shift, and go to state 96
    PE_NAME   shift, and go to state 97


State 74

   66 array: PE_ARRAY_ALL .

    $default  reduce using rule 66 (array)


State 75

   54 event_term: PE_NAME '=' . PE_NAME
   55           | PE_NAME '=' . PE_VALUE
   56           | PE_NAME '=' . PE_VALUE_SYM_HW

    PE_VALUE         shift, and go to state 98
    PE_VALUE_SYM_HW  shift, and go to state 99
    PE_NAME          shift, and go to state 100


State 76

   65 array: '[' . array_terms ']'

    PE_VALUE  shift, and go to state 101

    array_terms  go to state 102
    array_term   go to state 103


State 77

   62 event_term: PE_NAME array . '=' PE_NAME
   63           | PE_NAME array . '=' PE_VALUE

    '='  shift, and go to state 104


State 78

   52 event_config: event_config ',' . event_term

    PE_VALUE_SYM_HW  shift, and go to state 35
    PE_TERM          shift, and go to state 36
    PE_NAME          shift, and go to state 37
    PE_DRV_CFG_TERM  shift, and go to state 38

    event_term  go to state 105


State 79

   44 event_legacy_numeric: PE_VALUE ':' PE_VALUE . opt_event_config

    '/'  shift, and go to state 44

    $default  reduce using rule 50 (opt_event_config)

    opt_event_config  go to state 106


State 80

   49 opt_event_config: '/' '/' .

    $default  reduce using rule 49 (opt_event_config)


State 81

   48 opt_event_config: '/' event_config . '/'
   52 event_config: event_config . ',' event_term

    ','  shift, and go to state 78
    '/'  shift, and go to state 107


State 82

   43 tracepoint_name: PE_NAME ':' PE_NAME .

    $default  reduce using rule 43 (tracepoint_name)


State 83

   10 group_def: PE_NAME '{' events . '}'
   12 events: events . ',' event

    ','  shift, and go to state 90
    '}'  shift, and go to state 108


State 84

   42 tracepoint_name: PE_NAME '-' PE_NAME . ':' PE_NAME

    ':'  shift, and go to state 109


State 85

   34 event_legacy_cache: PE_NAME_CACHE_TYPE '-' PE_NAME_CACHE_OP_RESULT . '-' PE_NAME_CACHE_OP_RESULT opt_event_config
   35                   | PE_NAME_CACHE_TYPE '-' PE_NAME_CACHE_OP_RESULT . opt_event_config

    '-'  shift, and go to state 110
    '/'  shift, and go to state 44

    $default  reduce using rule 50 (opt_event_config)

    opt_event_config  go to state 111


State 86

   39 event_legacy_mem: PE_PREFIX_MEM PE_VALUE ':' . PE_MODIFIER_BP sep_dc
   71 sep_dc: ':' .

    PE_MODIFIER_BP  shift, and go to state 112

    $default  reduce using rule 71 (sep_dc)


State 87

   37 event_legacy_mem: PE_PREFIX_MEM PE_VALUE '/' . PE_VALUE ':' PE_MODIFIER_BP sep_dc
   38                 | PE_PREFIX_MEM PE_VALUE '/' . PE_VALUE sep_dc

    PE_VALUE  shift, and go to state 113


State 88

   40 event_legacy_mem: PE_PREFIX_MEM PE_VALUE sep_dc .

    $default  reduce using rule 40 (event_legacy_mem)


State 89

   29 event_pmu: PE_PMU_EVENT_PRE '-' PE_PMU_EVENT_SUF . sep_dc

    ':'  shift, and go to state 58

    $default  reduce using rule 72 (sep_dc)

    sep_dc  go to state 114


State 90

   12 events: events ',' . event

    PE_VALUE             shift, and go to state 4
    PE_VALUE_SYM_HW      shift, and go to state 5
    PE_VALUE_SYM_SW      shift, and go to state 6
    PE_RAW               shift, and go to state 7
    PE_EVENT_NAME        shift, and go to state 8
    PE_NAME              shift, and go to state 46
    PE_BPF_OBJECT        shift, and go to state 10
    PE_BPF_SOURCE        shift, and go to state 11
    PE_NAME_CACHE_TYPE   shift, and go to state 12
    PE_PREFIX_MEM        shift, and go to state 13
    PE_PMU_EVENT_PRE     shift, and go to state 14
    PE_KERNEL_PMU_EVENT  shift, and go to state 15

    event                    go to state 115
    event_mod                go to state 22
    event_name               go to state 23
    event_def                go to state 24
    event_pmu                go to state 25
    value_sym                go to state 26
    event_legacy_symbol      go to state 27
    event_legacy_cache       go to state 28
    event_legacy_mem         go to state 29
    event_legacy_tracepoint  go to state 30
    tracepoint_name          go to state 31
    event_legacy_numeric     go to state 32
    event_legacy_raw         go to state 33
    event_bpf_file           go to state 34


State 91

   11 group_def: '{' events '}' .

    $default  reduce using rule 11 (group_def)


State 92

    4 groups: groups ',' group .

    $default  reduce using rule 4 (groups)


State 93

    5 groups: groups ',' event .

    $default  reduce using rule 5 (groups)


State 94

    8 group: group_def ':' PE_MODIFIER_EVENT .

    $default  reduce using rule 8 (group)


State 95

   32 event_legacy_symbol: value_sym '/' event_config . '/'
   52 event_config: event_config . ',' event_term

    ','  shift, and go to state 78
    '/'  shift, and go to state 116


State 96

   60 event_term: PE_TERM '=' PE_VALUE .

    $default  reduce using rule 60 (event_term)


State 97

   59 event_term: PE_TERM '=' PE_NAME .

    $default  reduce using rule 59 (event_term)


State 98

   55 event_term: PE_NAME '=' PE_VALUE .

    $default  reduce using rule 55 (event_term)


State 99

   56 event_term: PE_NAME '=' PE_VALUE_SYM_HW .

    $default  reduce using rule 56 (event_term)


State 100

   54 event_term: PE_NAME '=' PE_NAME .

    $default  reduce using rule 54 (event_term)


State 101

   69 array_term: PE_VALUE .
   70           | PE_VALUE . PE_ARRAY_RANGE PE_VALUE

    PE_ARRAY_RANGE  shift, and go to state 117

    $default  reduce using rule 69 (array_term)


State 102

   65 array: '[' array_terms . ']'
   67 array_terms: array_terms . ',' array_term

    ','  shift, and go to state 118
    ']'  shift, and go to state 119


State 103

   68 array_terms: array_term .

    $default  reduce using rule 68 (array_terms)


State 104

   62 event_term: PE_NAME array '=' . PE_NAME
   63           | PE_NAME array '=' . PE_VALUE

    PE_VALUE  shift, and go to state 120
    PE_NAME   shift, and go to state 121


State 105

   52 event_config: event_config ',' event_term .

    $default  reduce using rule 52 (event_config)


State 106

   44 event_legacy_numeric: PE_VALUE ':' PE_VALUE opt_event_config .

    $default  reduce using rule 44 (event_legacy_numeric)


State 107

   48 opt_event_config: '/' event_config '/' .

    $default  reduce using rule 48 (opt_event_config)


State 108

   10 group_def: PE_NAME '{' events '}' .

    $default  reduce using rule 10 (group_def)


State 109

   42 tracepoint_name: PE_NAME '-' PE_NAME ':' . PE_NAME

    PE_NAME  shift, and go to state 122


State 110

   34 event_legacy_cache: PE_NAME_CACHE_TYPE '-' PE_NAME_CACHE_OP_RESULT '-' . PE_NAME_CACHE_OP_RESULT opt_event_config

    PE_NAME_CACHE_OP_RESULT  shift, and go to state 123


State 111

   35 event_legacy_cache: PE_NAME_CACHE_TYPE '-' PE_NAME_CACHE_OP_RESULT opt_event_config .

    $default  reduce using rule 35 (event_legacy_cache)


State 112

   39 event_legacy_mem: PE_PREFIX_MEM PE_VALUE ':' PE_MODIFIER_BP . sep_dc

    ':'  shift, and go to state 58

    $default  reduce using rule 72 (sep_dc)

    sep_dc  go to state 124


State 113

   37 event_legacy_mem: PE_PREFIX_MEM PE_VALUE '/' PE_VALUE . ':' PE_MODIFIER_BP sep_dc
   38                 | PE_PREFIX_MEM PE_VALUE '/' PE_VALUE . sep_dc

    ':'  shift, and go to state 125

    $default  reduce using rule 72 (sep_dc)

    sep_dc  go to state 126


State 114

   29 event_pmu: PE_PMU_EVENT_PRE '-' PE_PMU_EVENT_SUF sep_dc .

    $default  reduce using rule 29 (event_pmu)


State 115

   12 events: events ',' event .

    $default  reduce using rule 12 (events)


State 116

   32 event_legacy_symbol: value_sym '/' event_config '/' .

    $default  reduce using rule 32 (event_legacy_symbol)


State 117

   70 array_term: PE_VALUE PE_ARRAY_RANGE . PE_VALUE

    PE_VALUE  shift, and go to state 127


State 118

   67 array_terms: array_terms ',' . array_term

    PE_VALUE  shift, and go to state 101

    array_term  go to state 128


State 119

   65 array: '[' array_terms ']' .

    $default  reduce using rule 65 (array)


State 120

   63 event_term: PE_NAME array '=' PE_VALUE .

    $default  reduce using rule 63 (event_term)


State 121

   62 event_term: PE_NAME array '=' PE_NAME .

    $default  reduce using rule 62 (event_term)


State 122

   42 tracepoint_name: PE_NAME '-' PE_NAME ':' PE_NAME .

    $default  reduce using rule 42 (tracepoint_name)


State 123

   34 event_legacy_cache: PE_NAME_CACHE_TYPE '-' PE_NAME_CACHE_OP_RESULT '-' PE_NAME_CACHE_OP_RESULT . opt_event_config

    '/'  shift, and go to state 44

    $default  reduce using rule 50 (opt_event_config)

    opt_event_config  go to state 129


State 124

   39 event_legacy_mem: PE_PREFIX_MEM PE_VALUE ':' PE_MODIFIER_BP sep_dc .

    $default  reduce using rule 39 (event_legacy_mem)


State 125

   37 event_legacy_mem: PE_PREFIX_MEM PE_VALUE '/' PE_VALUE ':' . PE_MODIFIER_BP sep_dc
   71 sep_dc: ':' .

    PE_MODIFIER_BP  shift, and go to state 130

    $default  reduce using rule 71 (sep_dc)


State 126

   38 event_legacy_mem: PE_PREFIX_MEM PE_VALUE '/' PE_VALUE sep_dc .

    $default  reduce using rule 38 (event_legacy_mem)


State 127

   70 array_term: PE_VALUE PE_ARRAY_RANGE PE_VALUE .

    $default  reduce using rule 70 (array_term)


State 128

   67 array_terms: array_terms ',' array_term .

    $default  reduce using rule 67 (array_terms)


State 129

   34 event_legacy_cache: PE_NAME_CACHE_TYPE '-' PE_NAME_CACHE_OP_RESULT '-' PE_NAME_CACHE_OP_RESULT opt_event_config .

    $default  reduce using rule 34 (event_legacy_cache)


State 130

   37 event_legacy_mem: PE_PREFIX_MEM PE_VALUE '/' PE_VALUE ':' PE_MODIFIER_BP . sep_dc

    ':'  shift, and go to state 58

    $default  reduce using rule 72 (sep_dc)

    sep_dc  go to state 131


State 131

   37 event_legacy_mem: PE_PREFIX_MEM PE_VALUE '/' PE_VALUE ':' PE_MODIFIER_BP sep_dc .

    $default  reduce using rule 37 (event_legacy_mem)
